e2ts_A_A_E_D_B_A
e2ts_C_A_D_D_A_A-e2ts_A_A_D_D_A_A
e2ts_A_A_A_D_C_A
e2ts_A_D_D_C_A_A
e2ts_A_C_A_A_C_A
e2ts_D_E_D_E_A_A-e2ts_E_E_D_E_A_A
e2ts_D_B_A_D_A_A-e2ts_D_B_A_E_A_A
e2ts_E_D_D_D_A_A
e2ts_A_C_E_D_A_A-e2ts_A_C_E_A_A_A
e2ts_A_E_A_B_A_A-e2ts_A_E_A_C_A_A
e2ts_D_B_E_A_A_A-e2ts_A_B_E_A_A_A
e2ts_D_D_E_A_B_A-e2ts_D_D_D_A_B_A
e2ts_E_A_A_A_A_A
e2ts_A_E_A_C_C_A
e2ts_E_E_A_C_A_A
e2ts_E_A_E_D_A_A-e2ts_E_A_C_D_A_A
e2ts_C_E_E_D_B_B-e2ts_C_E_E_D_B_A
e2ts_A_E_A_B_A_A-e2ts_E_E_A_B_A_A
e2ts_A_D_A_A_C_A
e2ts_A_C_E_A_C_A-e2ts_A_B_E_A_C_A
e2ts_A_E_A_D_A_A-e2ts_A_E_D_D_A_A
